#
# There is insufficient memory for the Java Runtime Environment to continue.
# Native memory allocation (malloc) failed to allocate 723136 bytes for Chunk::new
# Possible reasons:
#   The system is out of physical RAM or swap space
#   The process is running with CompressedOops enabled, and the Java Heap may be blocking the growth of the native heap
# Possible solutions:
#   Reduce memory load on the system
#   Increase physical memory or swap space
#   Check if swap backing store is full
#   Decrease Java heap size (-Xmx/-Xms)
#   Decrease number of Java threads
#   Decrease Java thread stack sizes (-Xss)
#   Set larger code cache with -XX:ReservedCodeCacheSize=
#   JVM is running with Unscaled Compressed Oops mode in which the Java heap is
#     placed in the first 4GB address space. The Java Heap base address is the
#     maximum limit for the native heap growth. Please use -XX:HeapBaseMinAddress
#     to set the Java Heap base and to place the Java Heap above 4GB virtual address.
# This output file may be truncated or incomplete.
#
#  Out of Memory Error (allocation.cpp:389), pid=10520, tid=0x00000000000013f0
#
# JRE version: Java(TM) SE Runtime Environment (8.0_301-b09) (build 1.8.0_301-b09)
# Java VM: Java HotSpot(TM) 64-Bit Server VM (25.301-b09 mixed mode windows-amd64 compressed oops)
# Failed to write core dump. Minidumps are not enabled by default on client versions of Windows
#

---------------  T H R E A D  ---------------

Current thread (0x000001bd188d0000):  JavaThread "C2 CompilerThread1" daemon [_thread_in_native, id=5104, stack(0x0000002899400000,0x0000002899500000)]

Stack: [0x0000002899400000,0x0000002899500000]
Native frames: (J=compiled Java code, j=interpreted, Vv=VM code, C=native code)
V  [jvm.dll+0x32ed79]
V  [jvm.dll+0x275722]
V  [jvm.dll+0x2763cd]
V  [jvm.dll+0x26ce05]
V  [jvm.dll+0xd551c]
V  [jvm.dll+0xd5d1c]
V  [jvm.dll+0x452c72]
V  [jvm.dll+0x48dcdd]
V  [jvm.dll+0x442c71]
V  [jvm.dll+0x43fee4]
V  [jvm.dll+0x42ae57]
V  [jvm.dll+0xac1bb]
V  [jvm.dll+0xaa81b]
V  [jvm.dll+0x23ddc2]
V  [jvm.dll+0x2923dc]
C  [ucrtbase.dll+0x21bb2]
C  [KERNEL32.DLL+0x17034]
C  [ntdll.dll+0x52651]


Current CompileTask:
C2:   8476 2862   !   4       java.net.URL::<init> (543 bytes)


---------------  P R O C E S S  ---------------

Java Threads: ( => current thread )
  0x000001bd18962800 JavaThread "Service Thread" daemon [_thread_blocked, id=7092, stack(0x0000002899600000,0x0000002899700000)]
  0x000001bd1892b800 JavaThread "C1 CompilerThread2" daemon [_thread_blocked, id=10580, stack(0x0000002899500000,0x0000002899600000)]
=>0x000001bd188d0000 JavaThread "C2 CompilerThread1" daemon [_thread_in_native, id=5104, stack(0x0000002899400000,0x0000002899500000)]
  0x000001bd188cf000 JavaThread "C2 CompilerThread0" daemon [_thread_in_native, id=7508, stack(0x0000002899300000,0x0000002899400000)]
  0x000001bd188c6800 JavaThread "Monitor Ctrl-Break" daemon [_thread_in_native, id=4636, stack(0x0000002899200000,0x0000002899300000)]
  0x000001bd1739e000 JavaThread "Attach Listener" daemon [_thread_blocked, id=12428, stack(0x0000002899100000,0x0000002899200000)]
  0x000001bd1739c800 JavaThread "Signal Dispatcher" daemon [_thread_blocked, id=10464, stack(0x0000002899000000,0x0000002899100000)]
  0x000001bd1737c000 JavaThread "Finalizer" daemon [_thread_blocked, id=9124, stack(0x0000002898f00000,0x0000002899000000)]
  0x000001bd17374000 JavaThread "Reference Handler" daemon [_thread_blocked, id=10532, stack(0x0000002898e00000,0x0000002898f00000)]
  0x000001bd0132b800 JavaThread "main" [_thread_in_native, id=6180, stack(0x0000002898800000,0x0000002898900000)]

Other Threads:
  0x000001bd17347000 VMThread [stack: 0x0000002898d00000,0x0000002898e00000] [id=9916]
  0x000001bd189ab800 WatcherThread [stack: 0x0000002899700000,0x0000002899800000] [id=5140]

VM state:not at safepoint (normal execution)

VM Mutex/Monitor currently owned by a thread: None

heap address: 0x0000000083400000, size: 1996 MB, Compressed Oops mode: 32-bit
Narrow klass base: 0x0000000000000000, Narrow klass shift: 3
Compressed class space size: 1073741824 Address: 0x0000000100000000

Heap:
 PSYoungGen      total 127488K, used 50357K [0x00000000d6700000, 0x00000000df680000, 0x0000000100000000)
  eden space 119808K, 35% used [0x00000000d6700000,0x00000000d90dc5f0,0x00000000ddc00000)
  from space 7680K, 97% used [0x00000000def00000,0x00000000df651110,0x00000000df680000)
  to   space 8704K, 0% used [0x00000000de580000,0x00000000de580000,0x00000000dee00000)
 ParOldGen       total 46080K, used 5157K [0x0000000083400000, 0x0000000086100000, 0x00000000d6700000)
  object space 46080K, 11% used [0x0000000083400000,0x00000000839094f8,0x0000000086100000)
 Metaspace       used 28869K, capacity 30792K, committed 31104K, reserved 1077248K
  class space    used 3740K, capacity 4106K, committed 4224K, reserved 1048576K

Card table byte_map: [0x000001bd12090000,0x000001bd12480000] byte_map_base: 0x000001bd11c76000

Marking Bits: (ParMarkBitMap*) 0x0000000064007fe0
 Begin Bits: [0x000001bd12720000, 0x000001bd14650000)
 End Bits:   [0x000001bd14650000, 0x000001bd16580000)

Polling page: 0x000001bd02ca0000

CodeCache: size=245760Kb used=10139Kb max_used=10142Kb free=235620Kb
 bounds [0x000001bd02cd0000, 0x000001bd036c0000, 0x000001bd11cd0000]
 total_blobs=3259 nmethods=2875 adapters=296
 compilation: enabled

Compilation events (10 events):
Event: 7.692 Thread 0x000001bd1892b800 nmethod 2858 0x000001bd036b38d0 code [0x000001bd036b3a40, 0x000001bd036b3bb0]
Event: 7.715 Thread 0x000001bd188cf000 nmethod 2859% 0x000001bd036b7350 code [0x000001bd036b74a0, 0x000001bd036b7f78]
Event: 7.744 Thread 0x000001bd188d0000 2860   !   4       sun.misc.URLClassPath$JarLoader::getResource (85 bytes)
Event: 7.751 Thread 0x000001bd188cf000 2861 %     4       java.util.Properties::load0 @ 30 (250 bytes)
Event: 7.765 Thread 0x000001bd188d0000 nmethod 2860 0x000001bd036b8290 code [0x000001bd036b84c0, 0x000001bd036b8e70]
Event: 7.777 Thread 0x000001bd188cf000 nmethod 2861% 0x000001bd036b40d0 code [0x000001bd036b42a0, 0x000001bd036b5220]
Event: 7.781 Thread 0x000001bd188d0000 2862   !   4       java.net.URL::<init> (543 bytes)
Event: 7.844 Thread 0x000001bd188cf000 2863       4       java.util.Properties::load0 (250 bytes)
Event: 7.868 Thread 0x000001bd188cf000 nmethod 2863 0x000001bd02de7210 code [0x000001bd02de73e0, 0x000001bd02de8190]
Event: 7.890 Thread 0x000001bd188cf000 2864       4       java.util.Properties::loadConvert (505 bytes)

GC Heap History (10 events):
Event: 3.385 GC heap before
{Heap before GC invocations=3 (full 0):
 PSYoungGen      total 37888K, used 37869K [0x00000000d6700000, 0x00000000d9100000, 0x0000000100000000)
  eden space 32768K, 99% used [0x00000000d6700000,0x00000000d86ffbe0,0x00000000d8700000)
  from space 5120K, 99% used [0x00000000d8c00000,0x00000000d90fb960,0x00000000d9100000)
  to   space 5120K, 0% used [0x00000000d8700000,0x00000000d8700000,0x00000000d8c00000)
 ParOldGen       total 86016K, used 1337K [0x0000000083400000, 0x0000000088800000, 0x00000000d6700000)
  object space 86016K, 1% used [0x0000000083400000,0x000000008354e4e0,0x0000000088800000)
 Metaspace       used 18093K, capacity 18792K, committed 19072K, reserved 1067008K
  class space    used 2254K, capacity 2416K, committed 2432K, reserved 1048576K
Event: 3.399 GC heap after
Heap after GC invocations=3 (full 0):
 PSYoungGen      total 37888K, used 5102K [0x00000000d6700000, 0x00000000db100000, 0x0000000100000000)
  eden space 32768K, 0% used [0x00000000d6700000,0x00000000d6700000,0x00000000d8700000)
  from space 5120K, 99% used [0x00000000d8700000,0x00000000d8bfb900,0x00000000d8c00000)
  to   space 5120K, 0% used [0x00000000dac00000,0x00000000dac00000,0x00000000db100000)
 ParOldGen       total 86016K, used 4140K [0x0000000083400000, 0x0000000088800000, 0x00000000d6700000)
  object space 86016K, 4% used [0x0000000083400000,0x000000008380b2f0,0x0000000088800000)
 Metaspace       used 18093K, capacity 18792K, committed 19072K, reserved 1067008K
  class space    used 2254K, capacity 2416K, committed 2432K, reserved 1048576K
}
Event: 3.779 GC heap before
{Heap before GC invocations=4 (full 0):
 PSYoungGen      total 37888K, used 37852K [0x00000000d6700000, 0x00000000db100000, 0x0000000100000000)
  eden space 32768K, 99% used [0x00000000d6700000,0x00000000d86fb8f0,0x00000000d8700000)
  from space 5120K, 99% used [0x00000000d8700000,0x00000000d8bfb900,0x00000000d8c00000)
  to   space 5120K, 0% used [0x00000000dac00000,0x00000000dac00000,0x00000000db100000)
 ParOldGen       total 86016K, used 4140K [0x0000000083400000, 0x0000000088800000, 0x00000000d6700000)
  object space 86016K, 4% used [0x0000000083400000,0x000000008380b2f0,0x0000000088800000)
 Metaspace       used 20026K, capacity 20846K, committed 20992K, reserved 1067008K
  class space    used 2522K, capacity 2727K, committed 2816K, reserved 1048576K
Event: 3.789 GC heap after
Heap after GC invocations=4 (full 0):
 PSYoungGen      total 70656K, used 5093K [0x00000000d6700000, 0x00000000db100000, 0x0000000100000000)
  eden space 65536K, 0% used [0x00000000d6700000,0x00000000d6700000,0x00000000da700000)
  from space 5120K, 99% used [0x00000000dac00000,0x00000000db0f96e0,0x00000000db100000)
  to   space 5120K, 0% used [0x00000000da700000,0x00000000da700000,0x00000000dac00000)
 ParOldGen       total 86016K, used 5274K [0x0000000083400000, 0x0000000088800000, 0x00000000d6700000)
  object space 86016K, 6% used [0x0000000083400000,0x0000000083926890,0x0000000088800000)
 Metaspace       used 20026K, capacity 20846K, committed 20992K, reserved 1067008K
  class space    used 2522K, capacity 2727K, committed 2816K, reserved 1048576K
}
Event: 3.822 GC heap before
{Heap before GC invocations=5 (full 0):
 PSYoungGen      total 70656K, used 31938K [0x00000000d6700000, 0x00000000db100000, 0x0000000100000000)
  eden space 65536K, 40% used [0x00000000d6700000,0x00000000d8137338,0x00000000da700000)
  from space 5120K, 99% used [0x00000000dac00000,0x00000000db0f96e0,0x00000000db100000)
  to   space 5120K, 0% used [0x00000000da700000,0x00000000da700000,0x00000000dac00000)
 ParOldGen       total 86016K, used 5274K [0x0000000083400000, 0x0000000088800000, 0x00000000d6700000)
  object space 86016K, 6% used [0x0000000083400000,0x0000000083926890,0x0000000088800000)
 Metaspace       used 20351K, capacity 21102K, committed 21248K, reserved 1067008K
  class space    used 2544K, capacity 2727K, committed 2816K, reserved 1048576K
Event: 3.829 GC heap after
Heap after GC invocations=5 (full 0):
 PSYoungGen      total 70656K, used 5100K [0x00000000d6700000, 0x00000000df700000, 0x0000000100000000)
  eden space 65536K, 0% used [0x00000000d6700000,0x00000000d6700000,0x00000000da700000)
  from space 5120K, 99% used [0x00000000da700000,0x00000000dabfb010,0x00000000dac00000)
  to   space 8192K, 0% used [0x00000000def00000,0x00000000def00000,0x00000000df700000)
 ParOldGen       total 86016K, used 5417K [0x0000000083400000, 0x0000000088800000, 0x00000000d6700000)
  object space 86016K, 6% used [0x0000000083400000,0x000000008394a748,0x0000000088800000)
 Metaspace       used 20351K, capacity 21102K, committed 21248K, reserved 1067008K
  class space    used 2544K, capacity 2727K, committed 2816K, reserved 1048576K
}
Event: 3.829 GC heap before
{Heap before GC invocations=6 (full 1):
 PSYoungGen      total 70656K, used 5100K [0x00000000d6700000, 0x00000000df700000, 0x0000000100000000)
  eden space 65536K, 0% used [0x00000000d6700000,0x00000000d6700000,0x00000000da700000)
  from space 5120K, 99% used [0x00000000da700000,0x00000000dabfb010,0x00000000dac00000)
  to   space 8192K, 0% used [0x00000000def00000,0x00000000def00000,0x00000000df700000)
 ParOldGen       total 86016K, used 5417K [0x0000000083400000, 0x0000000088800000, 0x00000000d6700000)
  object space 86016K, 6% used [0x0000000083400000,0x000000008394a748,0x0000000088800000)
 Metaspace       used 20351K, capacity 21102K, committed 21248K, reserved 1067008K
  class space    used 2544K, capacity 2727K, committed 2816K, reserved 1048576K
Event: 3.864 GC heap after
Heap after GC invocations=6 (full 1):
 PSYoungGen      total 70656K, used 0K [0x00000000d6700000, 0x00000000df700000, 0x0000000100000000)
  eden space 65536K, 0% used [0x00000000d6700000,0x00000000d6700000,0x00000000da700000)
  from space 5120K, 0% used [0x00000000da700000,0x00000000da700000,0x00000000dac00000)
  to   space 8192K, 0% used [0x00000000def00000,0x00000000def00000,0x00000000df700000)
 ParOldGen       total 46080K, used 5149K [0x0000000083400000, 0x0000000086100000, 0x00000000d6700000)
  object space 46080K, 11% used [0x0000000083400000,0x00000000839074f8,0x0000000086100000)
 Metaspace       used 20351K, capacity 21102K, committed 21248K, reserved 1067008K
  class space    used 2544K, capacity 2727K, committed 2816K, reserved 1048576K
}
Event: 5.333 GC heap before
{Heap before GC invocations=7 (full 1):
 PSYoungGen      total 70656K, used 65536K [0x00000000d6700000, 0x00000000df700000, 0x0000000100000000)
  eden space 65536K, 100% used [0x00000000d6700000,0x00000000da700000,0x00000000da700000)
  from space 5120K, 0% used [0x00000000da700000,0x00000000da700000,0x00000000dac00000)
  to   space 8192K, 0% used [0x00000000def00000,0x00000000def00000,0x00000000df700000)
 ParOldGen       total 46080K, used 5149K [0x0000000083400000, 0x0000000086100000, 0x00000000d6700000)
  object space 46080K, 11% used [0x0000000083400000,0x00000000839074f8,0x0000000086100000)
 Metaspace       used 24556K, capacity 25826K, committed 25984K, reserved 1071104K
  class space    used 3124K, capacity 3393K, committed 3456K, reserved 1048576K
Event: 5.366 GC heap after
Heap after GC invocations=7 (full 1):
 PSYoungGen      total 127488K, used 7492K [0x00000000d6700000, 0x00000000df680000, 0x0000000100000000)
  eden space 119808K, 0% used [0x00000000d6700000,0x00000000d6700000,0x00000000ddc00000)
  from space 7680K, 97% used [0x00000000def00000,0x00000000df651110,0x00000000df680000)
  to   space 8704K, 0% used [0x00000000de580000,0x00000000de580000,0x00000000dee00000)
 ParOldGen       total 46080K, used 5157K [0x0000000083400000, 0x0000000086100000, 0x00000000d6700000)
  object space 46080K, 11% used [0x0000000083400000,0x00000000839094f8,0x0000000086100000)
 Metaspace       used 24556K, capacity 25826K, committed 25984K, reserved 1071104K
  class space    used 3124K, capacity 3393K, committed 3456K, reserved 1048576K
}

Deoptimization events (10 events):
Event: 5.913 Thread 0x000001bd0132b800 Uncommon trap: reason=unstable_if action=reinterpret pc=0x000001bd03334d14 method=org.springframework.util.ConcurrentReferenceHashMap$Segment.findInChain(Lorg/springframework/util/ConcurrentReferenceHashMap$Reference;Ljava/lang/Object;I)Lorg/springframewo
Event: 6.530 Thread 0x000001bd0132b800 Uncommon trap: reason=unstable_if action=reinterpret pc=0x000001bd03229084 method=java.util.concurrent.ConcurrentHashMap.get(Ljava/lang/Object;)Ljava/lang/Object; @ 76
Event: 6.530 Thread 0x000001bd0132b800 Uncommon trap: reason=class_check action=maybe_recompile pc=0x000001bd035b1b28 method=java.util.concurrent.ConcurrentHashMap.putVal(Ljava/lang/Object;Ljava/lang/Object;Z)Ljava/lang/Object; @ 192
Event: 6.570 Thread 0x000001bd0132b800 Uncommon trap: reason=class_check action=maybe_recompile pc=0x000001bd035b1b28 method=java.util.concurrent.ConcurrentHashMap.putVal(Ljava/lang/Object;Ljava/lang/Object;Z)Ljava/lang/Object; @ 192
Event: 6.582 Thread 0x000001bd0132b800 Uncommon trap: reason=unstable_if action=reinterpret pc=0x000001bd02f2c6d4 method=sun.misc.MetaIndex.mayContain(Ljava/lang/String;)Z @ 38
Event: 6.636 Thread 0x000001bd0132b800 Uncommon trap: reason=class_check action=maybe_recompile pc=0x000001bd035b1b28 method=java.util.concurrent.ConcurrentHashMap.putVal(Ljava/lang/Object;Ljava/lang/Object;Z)Ljava/lang/Object; @ 192
Event: 6.638 Thread 0x000001bd0132b800 Uncommon trap: reason=class_check action=maybe_recompile pc=0x000001bd035b1b28 method=java.util.concurrent.ConcurrentHashMap.putVal(Ljava/lang/Object;Ljava/lang/Object;Z)Ljava/lang/Object; @ 192
Event: 6.943 Thread 0x000001bd0132b800 Uncommon trap: reason=class_check action=maybe_recompile pc=0x000001bd034b12c0 method=org.springframework.core.ResolvableType.resolveType()Lorg/springframework/core/ResolvableType; @ 101
Event: 6.970 Thread 0x000001bd0132b800 Uncommon trap: reason=unstable_if action=reinterpret pc=0x000001bd033a98c8 method=java.util.LinkedHashMap.get(Ljava/lang/Object;)Ljava/lang/Object; @ 20
Event: 6.993 Thread 0x000001bd0132b800 Uncommon trap: reason=unstable_if action=reinterpret pc=0x000001bd031d6370 method=java.util.Properties.loadConvert([CII[C)Ljava/lang/String; @ 57

Classes redefined (0 events):
No events

Internal exceptions (10 events):
Event: 5.830 Thread 0x000001bd0132b800 Exception <a 'java/lang/NoSuchMethodError': java.lang.Object.lambda$and$0(Lorg/springframework/util/ReflectionUtils$MethodFilter;Ljava/lang/reflect/Method;)Z> (0x00000000d731e9b8) thrown at [C:\jenkins\workspace\8-2-build-windows-amd64-cygwin\jdk8u301\151
Event: 5.833 Thread 0x000001bd0132b800 Exception <a 'java/lang/NoSuchMethodError': java.lang.Object.lambda$thenComparing$36697e65$1(Ljava/util/Comparator;Ljava/lang/Object;Ljava/lang/Object;)I> (0x00000000d7351020) thrown at [C:\jenkins\workspace\8-2-build-windows-amd64-cygwin\jdk8u301\1513\ho
Event: 5.892 Thread 0x000001bd0132b800 Exception <a 'java/lang/ClassNotFoundException': java/lang/ObjectCustomizer> (0x00000000d757ef20) thrown at [C:\jenkins\workspace\8-2-build-windows-amd64-cygwin\jdk8u301\1513\hotspot\src\share\vm\classfile\systemDictionary.cpp, line 212]
Event: 5.893 Thread 0x000001bd0132b800 Exception <a 'java/lang/ClassNotFoundException': org/springframework/transaction/annotation/AbstractTransactionManagementConfigurationCustomizer> (0x00000000d75a3868) thrown at [C:\jenkins\workspace\8-2-build-windows-amd64-cygwin\jdk8u301\1513\hotspot\src
Event: 5.896 Thread 0x000001bd0132b800 Exception <a 'java/lang/ClassNotFoundException': org/springframework/transaction/annotation/ProxyTransactionManagementConfigurationCustomizer> (0x00000000d75c6888) thrown at [C:\jenkins\workspace\8-2-build-windows-amd64-cygwin\jdk8u301\1513\hotspot\src\sh
Event: 5.897 Thread 0x000001bd0132b800 Exception <a 'java/lang/ClassNotFoundException': org/springframework/context/annotation/ImportAwareCustomizer> (0x00000000d75e2a98) thrown at [C:\jenkins\workspace\8-2-build-windows-amd64-cygwin\jdk8u301\1513\hotspot\src\share\vm\classfile\systemDictionar
Event: 5.898 Thread 0x000001bd0132b800 Exception <a 'java/lang/ClassNotFoundException': org/springframework/beans/factory/AwareCustomizer> (0x00000000d75f7df0) thrown at [C:\jenkins\workspace\8-2-build-windows-amd64-cygwin\jdk8u301\1513\hotspot\src\share\vm\classfile\systemDictionary.cpp, line
Event: 5.898 Thread 0x000001bd0132b800 Implicit null exception at 0x000001bd0342efcc to 0x000001bd0342f141
Event: 5.985 Thread 0x000001bd0132b800 Exception <a 'java/lang/NoSuchMethodError': java.lang.Object.lambda$map$1(Ljava/util/function/Function;)Ljava/util/stream/Stream;> (0x00000000d7c1a078) thrown at [C:\jenkins\workspace\8-2-build-windows-amd64-cygwin\jdk8u301\1513\hotspot\src\share\vm\inter
Event: 6.669 Thread 0x000001bd0132b800 Exception <a 'java/lang/IncompatibleClassChangeError': Found class java.lang.Object, but interface was expected> (0x00000000d82d2a20) thrown at [C:\jenkins\workspace\8-2-build-windows-amd64-cygwin\jdk8u301\1513\hotspot\src\share\vm\interpreter\linkResolve

Events (10 events):
Event: 7.889 loading class org/apache/tomcat/util/net/LocalStrings
Event: 7.889 loading class org/apache/tomcat/util/net/LocalStrings done
Event: 7.890 Thread 0x000001bd0132b800 DEOPT PACKING pc=0x000001bd03683ae9 sp=0x00000028988fe100
Event: 7.890 Thread 0x000001bd0132b800 DEOPT UNPACKING pc=0x000001bd02d17898 sp=0x00000028988fddf8 mode 0
Event: 7.890 Thread 0x000001bd0132b800 DEOPT PACKING pc=0x000001bd03683ae9 sp=0x00000028988fe100
Event: 7.890 Thread 0x000001bd0132b800 DEOPT UNPACKING pc=0x000001bd02d17898 sp=0x00000028988fddf8 mode 0
Event: 7.890 loading class org/apache/tomcat/util/net/SocketProperties
Event: 7.890 loading class org/apache/tomcat/util/net/SocketProperties done
Event: 7.894 loading class org/apache/tomcat/util/net/AbstractEndpoint$BindState
Event: 7.894 loading class org/apache/tomcat/util/net/AbstractEndpoint$BindState done


Dynamic libraries:
0x00007ff6c8e40000 - 0x00007ff6c8e87000 	C:\Program Files\Java\jdk1.8.0_301\bin\java.exe
0x00007fff63e70000 - 0x00007fff64065000 	C:\WINDOWS\SYSTEM32\ntdll.dll
0x00007fff62360000 - 0x00007fff6241e000 	C:\WINDOWS\System32\KERNEL32.DLL
0x00007fff61670000 - 0x00007fff61938000 	C:\WINDOWS\System32\KERNELBASE.dll
0x00007fff62070000 - 0x00007fff6211e000 	C:\WINDOWS\System32\ADVAPI32.dll
0x00007fff63d90000 - 0x00007fff63e2e000 	C:\WINDOWS\System32\msvcrt.dll
0x00007fff63b40000 - 0x00007fff63bdc000 	C:\WINDOWS\System32\sechost.dll
0x00007fff61ed0000 - 0x00007fff61ff5000 	C:\WINDOWS\System32\RPCRT4.dll
0x00007fff63400000 - 0x00007fff635a0000 	C:\WINDOWS\System32\USER32.dll
0x00007fff61ea0000 - 0x00007fff61ec2000 	C:\WINDOWS\System32\win32u.dll
0x00007fff62120000 - 0x00007fff6214b000 	C:\WINDOWS\System32\GDI32.dll
0x00007fff61ae0000 - 0x00007fff61beb000 	C:\WINDOWS\System32\gdi32full.dll
0x00007fff61940000 - 0x00007fff619dd000 	C:\WINDOWS\System32\msvcp_win.dll
0x00007fff619e0000 - 0x00007fff61ae0000 	C:\WINDOWS\System32\ucrtbase.dll
0x00007fff48510000 - 0x00007fff487aa000 	C:\WINDOWS\WinSxS\amd64_microsoft.windows.common-controls_6595b64144ccf1df_6.0.19041.1110_none_60b5254171f9507e\COMCTL32.dll
0x00007fff621e0000 - 0x00007fff62210000 	C:\WINDOWS\System32\IMM32.DLL
0x00007fff55b10000 - 0x00007fff55b25000 	C:\Program Files\Java\jdk1.8.0_301\jre\bin\vcruntime140.dll
0x00007fff2db70000 - 0x00007fff2dc0b000 	C:\Program Files\Java\jdk1.8.0_301\jre\bin\msvcp140.dll
0x0000000063820000 - 0x0000000064080000 	C:\Program Files\Java\jdk1.8.0_301\jre\bin\server\jvm.dll
0x00007fff63c00000 - 0x00007fff63c08000 	C:\WINDOWS\System32\PSAPI.DLL
0x00007fff57670000 - 0x00007fff5767a000 	C:\WINDOWS\SYSTEM32\VERSION.dll
0x00007fff48f70000 - 0x00007fff48f97000 	C:\WINDOWS\SYSTEM32\WINMM.dll
0x00007fff49050000 - 0x00007fff49059000 	C:\WINDOWS\SYSTEM32\WSOCK32.dll
0x00007fff622f0000 - 0x00007fff6235b000 	C:\WINDOWS\System32\WS2_32.dll
0x00007fff600a0000 - 0x00007fff600b2000 	C:\WINDOWS\SYSTEM32\kernel.appcore.dll
0x00007fff5b4b0000 - 0x00007fff5b4c0000 	C:\Program Files\Java\jdk1.8.0_301\jre\bin\verify.dll
0x00007fff54ba0000 - 0x00007fff54bcb000 	C:\Program Files\Java\jdk1.8.0_301\jre\bin\java.dll
0x00007fff36df0000 - 0x00007fff36e20000 	C:\Program Files\Java\jdk1.8.0_301\jre\bin\instrument.dll
0x00007fff53360000 - 0x00007fff53378000 	C:\Program Files\Java\jdk1.8.0_301\jre\bin\zip.dll
0x00007fff62aa0000 - 0x00007fff631e4000 	C:\WINDOWS\System32\SHELL32.dll
0x00007fff5f2f0000 - 0x00007fff5fa84000 	C:\WINDOWS\SYSTEM32\windows.storage.dll
0x00007fff626d0000 - 0x00007fff62a24000 	C:\WINDOWS\System32\combase.dll
0x00007fff60f20000 - 0x00007fff60f4c000 	C:\WINDOWS\SYSTEM32\Wldp.dll
0x00007fff62620000 - 0x00007fff626cd000 	C:\WINDOWS\System32\SHCORE.dll
0x00007fff62000000 - 0x00007fff62055000 	C:\WINDOWS\System32\shlwapi.dll
0x00007fff614d0000 - 0x00007fff614ef000 	C:\WINDOWS\SYSTEM32\profapi.dll
0x00007fff36d70000 - 0x00007fff36d8a000 	C:\Program Files\JetBrains\IntelliJ IDEA Educational Edition 2021.3.3\bin\breakgen64.dll
0x00007fff516c0000 - 0x00007fff516dc000 	C:\Program Files\Java\jdk1.8.0_301\jre\bin\net.dll
0x00007fff60c80000 - 0x00007fff60cea000 	C:\WINDOWS\system32\mswsock.dll
0x00007fff4c990000 - 0x00007fff4c99d000 	C:\Program Files\Java\jdk1.8.0_301\jre\bin\management.dll
0x00007fff52700000 - 0x00007fff52717000 	C:\WINDOWS\system32\napinsp.dll
0x00007fff52740000 - 0x00007fff5275b000 	C:\WINDOWS\system32\pnrpnsp.dll
0x00007fff34840000 - 0x00007fff34855000 	C:\WINDOWS\system32\wshbth.dll
0x00007fff591e0000 - 0x00007fff591fd000 	C:\WINDOWS\system32\NLAapi.dll
0x00007fff60970000 - 0x00007fff609ab000 	C:\WINDOWS\SYSTEM32\IPHLPAPI.DLL
0x00007fff609b0000 - 0x00007fff60a7a000 	C:\WINDOWS\SYSTEM32\DNSAPI.dll
0x00007fff62060000 - 0x00007fff62068000 	C:\WINDOWS\System32\NSI.dll
0x00007fff58c10000 - 0x00007fff58c22000 	C:\WINDOWS\System32\winrnr.dll
0x00007fff569a0000 - 0x00007fff569aa000 	C:\Windows\System32\rasadhlp.dll
0x00007fff56200000 - 0x00007fff5627f000 	C:\WINDOWS\System32\fwpuclnt.dll
0x00007fff61d50000 - 0x00007fff61d77000 	C:\WINDOWS\System32\bcrypt.dll
0x00007fff51570000 - 0x00007fff51583000 	C:\Program Files\Java\jdk1.8.0_301\jre\bin\nio.dll
0x00007fff60e80000 - 0x00007fff60e98000 	C:\WINDOWS\SYSTEM32\CRYPTSP.dll
0x00007fff60600000 - 0x00007fff60634000 	C:\WINDOWS\system32\rsaenh.dll
0x00007fff61440000 - 0x00007fff6146e000 	C:\WINDOWS\SYSTEM32\USERENV.dll
0x00007fff615e0000 - 0x00007fff61662000 	C:\WINDOWS\System32\bcryptprimitives.dll
0x00007fff60e70000 - 0x00007fff60e7c000 	C:\WINDOWS\SYSTEM32\CRYPTBASE.dll
0x00007fff56fc0000 - 0x00007fff56fd7000 	C:\WINDOWS\SYSTEM32\dhcpcsvc6.DLL
0x00007fff56ce0000 - 0x00007fff56cfd000 	C:\WINDOWS\SYSTEM32\dhcpcsvc.DLL
0x00007fff5fb90000 - 0x00007fff5fd74000 	C:\WINDOWS\SYSTEM32\dbghelp.dll

VM Arguments:
jvm_args: -javaagent:C:\Program Files\JetBrains\IntelliJ IDEA Educational Edition 2021.3.3\lib\idea_rt.jar=57817:C:\Program Files\JetBrains\IntelliJ IDEA Educational Edition 2021.3.3\bin -Dfile.encoding=UTF-8 
java_command: com.example.demo.DemoApplication
java_class_path (initial): C:\Program Files\Java\jdk1.8.0_301\jre\lib\charsets.jar;C:\Program Files\Java\jdk1.8.0_301\jre\lib\deploy.jar;C:\Program Files\Java\jdk1.8.0_301\jre\lib\ext\access-bridge-64.jar;C:\Program Files\Java\jdk1.8.0_301\jre\lib\ext\cldrdata.jar;C:\Program Files\Java\jdk1.8.0_301\jre\lib\ext\dnsns.jar;C:\Program Files\Java\jdk1.8.0_301\jre\lib\ext\jaccess.jar;C:\Program Files\Java\jdk1.8.0_301\jre\lib\ext\jfxrt.jar;C:\Program Files\Java\jdk1.8.0_301\jre\lib\ext\localedata.jar;C:\Program Files\Java\jdk1.8.0_301\jre\lib\ext\nashorn.jar;C:\Program Files\Java\jdk1.8.0_301\jre\lib\ext\sunec.jar;C:\Program Files\Java\jdk1.8.0_301\jre\lib\ext\sunjce_provider.jar;C:\Program Files\Java\jdk1.8.0_301\jre\lib\ext\sunmscapi.jar;C:\Program Files\Java\jdk1.8.0_301\jre\lib\ext\sunpkcs11.jar;C:\Program Files\Java\jdk1.8.0_301\jre\lib\ext\zipfs.jar;C:\Program Files\Java\jdk1.8.0_301\jre\lib\javaws.jar;C:\Program Files\Java\jdk1.8.0_301\jre\lib\jce.jar;C:\Program Files\Java\jdk1.8.0_301\jre\lib\jfr.jar;C:\Program Files\Java\jdk1.8.0_301\jre\lib\jfxswt.jar;C:\Program Files\Java\jdk1.8.0_301\jre\lib\jsse.jar;C:\Program Files\Java\jdk1.8.0_301\jre\lib\management-agent.jar;C:\Program Files\Java\jdk1.8.0_301\jre\lib\plugin.jar;C:\Program Files\Java\jdk1.8.0_301\jre\lib\resources.jar;C:\Program Files\Java\jdk1.8.0_301\jre\lib\rt.jar;C:\Accolite\demo\target\classes;C:\Users\Sairam\Downloads\postgresql-42.3.3.jar;C:\Users\Sairam\eclipse-workspace\Mini_1\src\main\webapp\WEB-INF\lib\activation-1.1.jar;C:\Users\Sairam\eclipse-workspace\Mini_1\src\main\webapp\WEB-INF\lib\javax.mail-1.6.2.jar;C:\Users\Sairam\eclipse-workspace\Mini_1\src\main\webapp\WEB-INF\lib\javax.mail-api-1.4.6.jar;C:\Users\Sairam\eclipse-workspace\Mini_1\src\main\webapp\WEB-INF\lib\jsp-api-2.2.jar;C:\Users\Sairam\eclipse-workspace\Mini_1\src\main\webapp\WEB-INF\lib\jstl-1.2.jar;C:\Users\Sairam\eclipse-workspace\Mini_1\src\main\webapp\WEB-INF\lib\mail-1.4.7.jar;C:\Users\Sairam\.m2\repository\org\springframe
Launcher Type: SUN_STANDARD

Environment Variables:
PATH=C:\Program Files (x86)\Common Files\Oracle\Java\javapath;C:\WINDOWS\system32;C:\WINDOWS;C:\WINDOWS\System32\Wbem;C:\WINDOWS\System32\WindowsPowerShell\v1.0\;C:\WINDOWS\System32\OpenSSH\;C:\Program Files\Microsoft VS Code\bin;C:\Program Files\Git\cmd;C:\Program Files\Microsoft SQL Server\150\Tools\Binn\;C:\Users\Sairam\AppData\Local\Microsoft\WindowsApps;C:\Program Files\JetBrains\IntelliJ IDEA Educational Edition 2021.3.3\bin;
USERNAME=Sairam
OS=Windows_NT
PROCESSOR_IDENTIFIER=Intel64 Family 6 Model 142 Stepping 11, GenuineIntel



---------------  S Y S T E M  ---------------

OS: Windows 10.0 , 64 bit Build 19041 (10.0.19041.1566)

CPU:total 4 (initial active 4) (2 cores per cpu, 2 threads per core) family 6 model 142 stepping 11, cmov, cx8, fxsr, mmx, sse, sse2, sse3, ssse3, sse4.1, sse4.2, popcnt, avx, avx2, aes, clmul, erms, 3dnowpref, lzcnt, ht, tsc, tscinvbit, bmi1, bmi2, adx

Memory: 4k page, physical 8172696k(667048k free), swap 11080856k(4120k free)

vm_info: Java HotSpot(TM) 64-Bit Server VM (25.301-b09) for windows-amd64 JRE (1.8.0_301-b09), built on Jun  9 2021 06:46:21 by "java_re" with MS VC++ 15.9 (VS2017)

time: Thu Mar 31 18:36:09 2022
timezone: India Standard Time
elapsed time: 8.503475 seconds (0d 0h 0m 8s)

